2021-01-14T10:43:59+00:00 CRITICAL Uncaught Error: Call to undefined method WooCommerce::get() in C:\xampp\htdocs\shop\wp-content\themes\shoptheme\index.php:185
Stack trace:
#0 C:\xampp\htdocs\shop\wp-includes\template-loader.php(106): include()
#1 C:\xampp\htdocs\shop\wp-blog-header.php(19): require_once('C:\\xampp\\htdocs...')
#2 C:\xampp\htdocs\shop\index.php(17): require('C:\\xampp\\htdocs...')
#3 {main}
  thrown in C:\xampp\htdocs\shop\wp-content\themes\shoptheme\index.php on line 185

2021-01-14T10:44:53+00:00 CRITICAL Uncaught Error: Call to undefined method WooCommerce::get() in C:\xampp\htdocs\shop\wp-content\themes\shoptheme\index.php:185
Stack trace:
#0 C:\xampp\htdocs\shop\wp-includes\template-loader.php(106): include()
#1 C:\xampp\htdocs\shop\wp-blog-header.php(19): require_once('C:\\xampp\\htdocs...')
#2 C:\xampp\htdocs\shop\index.php(17): require('C:\\xampp\\htdocs...')
#3 {main}
  thrown in C:\xampp\htdocs\shop\wp-content\themes\shoptheme\index.php on line 185

2021-01-14T10:45:07+00:00 CRITICAL Uncaught Error: Call to undefined method WooCommerce::get() in C:\xampp\htdocs\shop\wp-content\themes\shoptheme\index.php:185
Stack trace:
#0 C:\xampp\htdocs\shop\wp-includes\template-loader.php(106): include()
#1 C:\xampp\htdocs\shop\wp-blog-header.php(19): require_once('C:\\xampp\\htdocs...')
#2 C:\xampp\htdocs\shop\index.php(17): require('C:\\xampp\\htdocs...')
#3 {main}
  thrown in C:\xampp\htdocs\shop\wp-content\themes\shoptheme\index.php on line 185

2021-01-14T11:00:14+00:00 CRITICAL Uncaught Error: Cannot use string offset as an array in C:\xampp\htdocs\shop\wp-content\themes\shoptheme\functions.php:144
Stack trace:
#0 C:\xampp\htdocs\shop\wp-content\themes\shoptheme\index.php(175): maximum_api_filter('xe-oto')
#1 C:\xampp\htdocs\shop\wp-includes\template-loader.php(106): include('C:\\xampp\\htdocs...')
#2 C:\xampp\htdocs\shop\wp-blog-header.php(19): require_once('C:\\xampp\\htdocs...')
#3 C:\xampp\htdocs\shop\index.php(17): require('C:\\xampp\\htdocs...')
#4 {main}
  thrown in C:\xampp\htdocs\shop\wp-content\themes\shoptheme\functions.php on line 144

2021-01-14T11:00:52+00:00 CRITICAL Uncaught Error: Cannot use string offset as an array in C:\xampp\htdocs\shop\wp-content\themes\shoptheme\functions.php:144
Stack trace:
#0 C:\xampp\htdocs\shop\wp-content\themes\shoptheme\index.php(175): maximum_api_filter('xe-oto')
#1 C:\xampp\htdocs\shop\wp-includes\template-loader.php(106): include('C:\\xampp\\htdocs...')
#2 C:\xampp\htdocs\shop\wp-blog-header.php(19): require_once('C:\\xampp\\htdocs...')
#3 C:\xampp\htdocs\shop\index.php(17): require('C:\\xampp\\htdocs...')
#4 {main}
  thrown in C:\xampp\htdocs\shop\wp-content\themes\shoptheme\functions.php on line 144

2021-01-14T11:15:50+00:00 CRITICAL Uncaught Error: Call to undefined method WooCommerce::get() in C:\xampp\htdocs\shop\wp-content\themes\shoptheme\index.php:175
Stack trace:
#0 C:\xampp\htdocs\shop\wp-includes\template-loader.php(106): include()
#1 C:\xampp\htdocs\shop\wp-blog-header.php(19): require_once('C:\\xampp\\htdocs...')
#2 C:\xampp\htdocs\shop\index.php(17): require('C:\\xampp\\htdocs...')
#3 {main}
  thrown in C:\xampp\htdocs\shop\wp-content\themes\shoptheme\index.php on line 175

2021-01-14T11:16:10+00:00 CRITICAL Uncaught Error: Call to undefined method WooCommerce::get() in C:\xampp\htdocs\shop\wp-content\themes\shoptheme\index.php:175
Stack trace:
#0 C:\xampp\htdocs\shop\wp-includes\template-loader.php(106): include()
#1 C:\xampp\htdocs\shop\wp-blog-header.php(19): require_once('C:\\xampp\\htdocs...')
#2 C:\xampp\htdocs\shop\index.php(17): require('C:\\xampp\\htdocs...')
#3 {main}
  thrown in C:\xampp\htdocs\shop\wp-content\themes\shoptheme\index.php on line 175

2021-01-14T11:27:22+00:00 CRITICAL Uncaught Error: Call to undefined method WooCommerce::get() in C:\xampp\htdocs\shop\wp-content\themes\shoptheme\index.php:175
Stack trace:
#0 C:\xampp\htdocs\shop\wp-includes\template-loader.php(106): include()
#1 C:\xampp\htdocs\shop\wp-blog-header.php(19): require_once('C:\\xampp\\htdocs...')
#2 C:\xampp\htdocs\shop\index.php(17): require('C:\\xampp\\htdocs...')
#3 {main}
  thrown in C:\xampp\htdocs\shop\wp-content\themes\shoptheme\index.php on line 175

2021-01-14T11:29:05+00:00 CRITICAL Uncaught Error: Call to undefined method WooCommerce::get() in C:\xampp\htdocs\shop\wp-content\themes\shoptheme\index.php:175
Stack trace:
#0 C:\xampp\htdocs\shop\wp-includes\template-loader.php(106): include()
#1 C:\xampp\htdocs\shop\wp-blog-header.php(19): require_once('C:\\xampp\\htdocs...')
#2 C:\xampp\htdocs\shop\index.php(17): require('C:\\xampp\\htdocs...')
#3 {main}
  thrown in C:\xampp\htdocs\shop\wp-content\themes\shoptheme\index.php on line 175

2021-01-14T11:35:19+00:00 CRITICAL syntax error, unexpected end of file in C:\xampp\htdocs\shop\wp-content\themes\shoptheme\index.php on line 192

2021-01-14T12:13:41+00:00 CRITICAL syntax error, unexpected ''" >'' (T_CONSTANT_ENCAPSED_STRING) in C:\xampp\htdocs\shop\wp-content\themes\shoptheme\functions.php on line 178

2021-01-14T12:15:42+00:00 CRITICAL syntax error, unexpected ''">Previous "</a>'' (T_CONSTANT_ENCAPSED_STRING) in C:\xampp\htdocs\shop\wp-content\themes\shoptheme\functions.php on line 178

2021-01-14T12:21:22+00:00 CRITICAL Uncaught Error: Call to a member function set() on int in C:\xampp\htdocs\shop\wp-content\themes\shoptheme\functions.php:162
Stack trace:
#0 C:\xampp\htdocs\shop\wp-content\themes\shoptheme\index.php(182): all_products_query(5)
#1 C:\xampp\htdocs\shop\wp-includes\template-loader.php(106): include('C:\\xampp\\htdocs...')
#2 C:\xampp\htdocs\shop\wp-blog-header.php(19): require_once('C:\\xampp\\htdocs...')
#3 C:\xampp\htdocs\shop\index.php(17): require('C:\\xampp\\htdocs...')
#4 {main}
  thrown in C:\xampp\htdocs\shop\wp-content\themes\shoptheme\functions.php on line 162

