2021-01-11T16:00:55+00:00 CRITICAL syntax error, unexpected end of file in C:\xampp\htdocs\shop\wp-content\themes\shoptheme\functions.php on line 248

2021-01-11T16:40:30+00:00 CRITICAL Uncaught Error: Call to undefined function hk_get_thumb() in C:\xampp\htdocs\shop\wp-content\themes\shoptheme\single-product.php:11
Stack trace:
#0 C:\xampp\htdocs\shop\wp-includes\template-loader.php(106): include()
#1 C:\xampp\htdocs\shop\wp-blog-header.php(19): require_once('C:\\xampp\\htdocs...')
#2 C:\xampp\htdocs\shop\index.php(17): require('C:\\xampp\\htdocs...')
#3 {main}
  thrown in C:\xampp\htdocs\shop\wp-content\themes\shoptheme\single-product.php on line 11

2021-01-11T16:40:37+00:00 CRITICAL Uncaught Error: Call to undefined function hk_get_thumb() in C:\xampp\htdocs\shop\wp-content\themes\shoptheme\single-product.php:11
Stack trace:
#0 C:\xampp\htdocs\shop\wp-includes\template-loader.php(106): include()
#1 C:\xampp\htdocs\shop\wp-blog-header.php(19): require_once('C:\\xampp\\htdocs...')
#2 C:\xampp\htdocs\shop\index.php(17): require('C:\\xampp\\htdocs...')
#3 {main}
  thrown in C:\xampp\htdocs\shop\wp-content\themes\shoptheme\single-product.php on line 11

2021-01-11T16:40:42+00:00 CRITICAL Uncaught Error: Call to undefined function hk_get_thumb() in C:\xampp\htdocs\shop\wp-content\themes\shoptheme\single-product.php:11
Stack trace:
#0 C:\xampp\htdocs\shop\wp-includes\template-loader.php(106): include()
#1 C:\xampp\htdocs\shop\wp-blog-header.php(19): require_once('C:\\xampp\\htdocs...')
#2 C:\xampp\htdocs\shop\index.php(17): require('C:\\xampp\\htdocs...')
#3 {main}
  thrown in C:\xampp\htdocs\shop\wp-content\themes\shoptheme\single-product.php on line 11

2021-01-11T16:40:45+00:00 CRITICAL Uncaught Error: Call to undefined function hk_get_thumb() in C:\xampp\htdocs\shop\wp-content\themes\shoptheme\single-product.php:11
Stack trace:
#0 C:\xampp\htdocs\shop\wp-includes\template-loader.php(106): include()
#1 C:\xampp\htdocs\shop\wp-blog-header.php(19): require_once('C:\\xampp\\htdocs...')
#2 C:\xampp\htdocs\shop\index.php(17): require('C:\\xampp\\htdocs...')
#3 {main}
  thrown in C:\xampp\htdocs\shop\wp-content\themes\shoptheme\single-product.php on line 11

