2021-01-15T02:53:09+00:00 CRITICAL Uncaught Error: Call to a member function set() on int in C:\xampp\htdocs\shop\wp-content\themes\shoptheme\functions.php:162
Stack trace:
#0 C:\xampp\htdocs\shop\wp-content\themes\shoptheme\index.php(182): all_products_query(5)
#1 C:\xampp\htdocs\shop\wp-includes\template-loader.php(106): include('C:\\xampp\\htdocs...')
#2 C:\xampp\htdocs\shop\wp-blog-header.php(19): require_once('C:\\xampp\\htdocs...')
#3 C:\xampp\htdocs\shop\index.php(17): require('C:\\xampp\\htdocs...')
#4 {main}
  thrown in C:\xampp\htdocs\shop\wp-content\themes\shoptheme\functions.php on line 162

2021-01-15T02:54:19+00:00 CRITICAL Uncaught Error: Call to a member function set() on int in C:\xampp\htdocs\shop\wp-content\themes\shoptheme\functions.php:162
Stack trace:
#0 C:\xampp\htdocs\shop\wp-content\themes\shoptheme\index.php(182): all_products_query(5)
#1 C:\xampp\htdocs\shop\wp-includes\template-loader.php(106): include('C:\\xampp\\htdocs...')
#2 C:\xampp\htdocs\shop\wp-blog-header.php(19): require_once('C:\\xampp\\htdocs...')
#3 C:\xampp\htdocs\shop\index.php(17): require('C:\\xampp\\htdocs...')
#4 {main}
  thrown in C:\xampp\htdocs\shop\wp-content\themes\shoptheme\functions.php on line 162

2021-01-15T02:54:31+00:00 CRITICAL Uncaught Error: Call to a member function set() on int in C:\xampp\htdocs\shop\wp-content\themes\shoptheme\functions.php:162
Stack trace:
#0 C:\xampp\htdocs\shop\wp-content\themes\shoptheme\index.php(182): all_products_query(5)
#1 C:\xampp\htdocs\shop\wp-includes\template-loader.php(106): include('C:\\xampp\\htdocs...')
#2 C:\xampp\htdocs\shop\wp-blog-header.php(19): require_once('C:\\xampp\\htdocs...')
#3 C:\xampp\htdocs\shop\index.php(17): require('C:\\xampp\\htdocs...')
#4 {main}
  thrown in C:\xampp\htdocs\shop\wp-content\themes\shoptheme\functions.php on line 162

2021-01-15T03:01:22+00:00 CRITICAL Uncaught Error: Call to a member function set() on int in C:\xampp\htdocs\shop\wp-content\themes\shoptheme\functions.php:162
Stack trace:
#0 C:\xampp\htdocs\shop\wp-content\themes\shoptheme\index.php(182): all_products_query(5)
#1 C:\xampp\htdocs\shop\wp-includes\template-loader.php(106): include('C:\\xampp\\htdocs...')
#2 C:\xampp\htdocs\shop\wp-blog-header.php(19): require_once('C:\\xampp\\htdocs...')
#3 C:\xampp\htdocs\shop\index.php(17): require('C:\\xampp\\htdocs...')
#4 {main}
  thrown in C:\xampp\htdocs\shop\wp-content\themes\shoptheme\functions.php on line 162

2021-01-15T03:01:38+00:00 CRITICAL Uncaught Error: Call to a member function set() on int in C:\xampp\htdocs\shop\wp-content\themes\shoptheme\functions.php:162
Stack trace:
#0 C:\xampp\htdocs\shop\wp-content\themes\shoptheme\index.php(182): all_products_query(5)
#1 C:\xampp\htdocs\shop\wp-includes\template-loader.php(106): include('C:\\xampp\\htdocs...')
#2 C:\xampp\htdocs\shop\wp-blog-header.php(19): require_once('C:\\xampp\\htdocs...')
#3 C:\xampp\htdocs\shop\index.php(17): require('C:\\xampp\\htdocs...')
#4 {main}
  thrown in C:\xampp\htdocs\shop\wp-content\themes\shoptheme\functions.php on line 162

2021-01-15T03:01:47+00:00 CRITICAL Uncaught Error: Call to a member function set() on int in C:\xampp\htdocs\shop\wp-content\themes\shoptheme\functions.php:162
Stack trace:
#0 C:\xampp\htdocs\shop\wp-content\themes\shoptheme\index.php(182): all_products_query(5)
#1 C:\xampp\htdocs\shop\wp-includes\template-loader.php(106): include('C:\\xampp\\htdocs...')
#2 C:\xampp\htdocs\shop\wp-blog-header.php(19): require_once('C:\\xampp\\htdocs...')
#3 C:\xampp\htdocs\shop\index.php(17): require('C:\\xampp\\htdocs...')
#4 {main}
  thrown in C:\xampp\htdocs\shop\wp-content\themes\shoptheme\functions.php on line 162

2021-01-15T03:02:11+00:00 CRITICAL Uncaught Error: Call to a member function set() on int in C:\xampp\htdocs\shop\wp-content\themes\shoptheme\functions.php:162
Stack trace:
#0 C:\xampp\htdocs\shop\wp-content\themes\shoptheme\index.php(182): all_products_query(5)
#1 C:\xampp\htdocs\shop\wp-includes\template-loader.php(106): include('C:\\xampp\\htdocs...')
#2 C:\xampp\htdocs\shop\wp-blog-header.php(19): require_once('C:\\xampp\\htdocs...')
#3 C:\xampp\htdocs\shop\index.php(17): require('C:\\xampp\\htdocs...')
#4 {main}
  thrown in C:\xampp\htdocs\shop\wp-content\themes\shoptheme\functions.php on line 162

2021-01-15T03:02:35+00:00 CRITICAL Uncaught Error: Call to a member function set() on int in C:\xampp\htdocs\shop\wp-content\themes\shoptheme\functions.php:162
Stack trace:
#0 C:\xampp\htdocs\shop\wp-content\themes\shoptheme\index.php(182): all_products_query(5)
#1 C:\xampp\htdocs\shop\wp-includes\template-loader.php(106): include('C:\\xampp\\htdocs...')
#2 C:\xampp\htdocs\shop\wp-blog-header.php(19): require_once('C:\\xampp\\htdocs...')
#3 C:\xampp\htdocs\shop\index.php(17): require('C:\\xampp\\htdocs...')
#4 {main}
  thrown in C:\xampp\htdocs\shop\wp-content\themes\shoptheme\functions.php on line 162

2021-01-15T03:07:03+00:00 CRITICAL Uncaught Error: Call to a member function set() on int in C:\xampp\htdocs\shop\wp-content\themes\shoptheme\functions.php:162
Stack trace:
#0 C:\xampp\htdocs\shop\wp-content\themes\shoptheme\index.php(182): all_products_query(5)
#1 C:\xampp\htdocs\shop\wp-includes\template-loader.php(106): include('C:\\xampp\\htdocs...')
#2 C:\xampp\htdocs\shop\wp-blog-header.php(19): require_once('C:\\xampp\\htdocs...')
#3 C:\xampp\htdocs\shop\index.php(17): require('C:\\xampp\\htdocs...')
#4 {main}
  thrown in C:\xampp\htdocs\shop\wp-content\themes\shoptheme\functions.php on line 162

2021-01-15T03:07:23+00:00 CRITICAL Uncaught Error: Call to a member function set() on int in C:\xampp\htdocs\shop\wp-content\themes\shoptheme\functions.php:162
Stack trace:
#0 C:\xampp\htdocs\shop\wp-content\themes\shoptheme\index.php(182): all_products_query(5)
#1 C:\xampp\htdocs\shop\wp-includes\template-loader.php(106): include('C:\\xampp\\htdocs...')
#2 C:\xampp\htdocs\shop\wp-blog-header.php(19): require_once('C:\\xampp\\htdocs...')
#3 C:\xampp\htdocs\shop\index.php(17): require('C:\\xampp\\htdocs...')
#4 {main}
  thrown in C:\xampp\htdocs\shop\wp-content\themes\shoptheme\functions.php on line 162

2021-01-15T03:08:42+00:00 CRITICAL Uncaught Error: Call to a member function set() on int in C:\xampp\htdocs\shop\wp-content\themes\shoptheme\functions.php:162
Stack trace:
#0 C:\xampp\htdocs\shop\wp-content\themes\shoptheme\index.php(182): all_products_query(5)
#1 C:\xampp\htdocs\shop\wp-includes\template-loader.php(106): include('C:\\xampp\\htdocs...')
#2 C:\xampp\htdocs\shop\wp-blog-header.php(19): require_once('C:\\xampp\\htdocs...')
#3 C:\xampp\htdocs\shop\index.php(17): require('C:\\xampp\\htdocs...')
#4 {main}
  thrown in C:\xampp\htdocs\shop\wp-content\themes\shoptheme\functions.php on line 162

2021-01-15T03:08:45+00:00 CRITICAL Uncaught Error: Call to a member function set() on int in C:\xampp\htdocs\shop\wp-content\themes\shoptheme\functions.php:162
Stack trace:
#0 C:\xampp\htdocs\shop\wp-content\themes\shoptheme\index.php(182): all_products_query(5)
#1 C:\xampp\htdocs\shop\wp-includes\template-loader.php(106): include('C:\\xampp\\htdocs...')
#2 C:\xampp\htdocs\shop\wp-blog-header.php(19): require_once('C:\\xampp\\htdocs...')
#3 C:\xampp\htdocs\shop\index.php(17): require('C:\\xampp\\htdocs...')
#4 {main}
  thrown in C:\xampp\htdocs\shop\wp-content\themes\shoptheme\functions.php on line 162

2021-01-15T03:08:49+00:00 CRITICAL Uncaught Error: Call to a member function set() on int in C:\xampp\htdocs\shop\wp-content\themes\shoptheme\functions.php:162
Stack trace:
#0 C:\xampp\htdocs\shop\wp-content\themes\shoptheme\index.php(182): all_products_query(5)
#1 C:\xampp\htdocs\shop\wp-includes\template-loader.php(106): include('C:\\xampp\\htdocs...')
#2 C:\xampp\htdocs\shop\wp-blog-header.php(19): require_once('C:\\xampp\\htdocs...')
#3 C:\xampp\htdocs\shop\index.php(17): require('C:\\xampp\\htdocs...')
#4 {main}
  thrown in C:\xampp\htdocs\shop\wp-content\themes\shoptheme\functions.php on line 162

2021-01-15T03:09:20+00:00 CRITICAL Uncaught Error: Call to a member function set() on int in C:\xampp\htdocs\shop\wp-content\themes\shoptheme\functions.php:162
Stack trace:
#0 C:\xampp\htdocs\shop\wp-content\themes\shoptheme\index.php(182): all_products_query(5)
#1 C:\xampp\htdocs\shop\wp-includes\template-loader.php(106): include('C:\\xampp\\htdocs...')
#2 C:\xampp\htdocs\shop\wp-blog-header.php(19): require_once('C:\\xampp\\htdocs...')
#3 C:\xampp\htdocs\shop\index.php(17): require('C:\\xampp\\htdocs...')
#4 {main}
  thrown in C:\xampp\htdocs\shop\wp-content\themes\shoptheme\functions.php on line 162

2021-01-15T03:09:30+00:00 CRITICAL Uncaught Error: Call to a member function set() on int in C:\xampp\htdocs\shop\wp-content\themes\shoptheme\functions.php:162
Stack trace:
#0 C:\xampp\htdocs\shop\wp-content\themes\shoptheme\index.php(182): all_products_query(5)
#1 C:\xampp\htdocs\shop\wp-includes\template-loader.php(106): include('C:\\xampp\\htdocs...')
#2 C:\xampp\htdocs\shop\wp-blog-header.php(19): require_once('C:\\xampp\\htdocs...')
#3 C:\xampp\htdocs\shop\index.php(17): require('C:\\xampp\\htdocs...')
#4 {main}
  thrown in C:\xampp\htdocs\shop\wp-content\themes\shoptheme\functions.php on line 162

2021-01-15T03:09:33+00:00 CRITICAL Uncaught Error: Call to a member function set() on int in C:\xampp\htdocs\shop\wp-content\themes\shoptheme\functions.php:162
Stack trace:
#0 C:\xampp\htdocs\shop\wp-content\themes\shoptheme\index.php(182): all_products_query(5)
#1 C:\xampp\htdocs\shop\wp-includes\template-loader.php(106): include('C:\\xampp\\htdocs...')
#2 C:\xampp\htdocs\shop\wp-blog-header.php(19): require_once('C:\\xampp\\htdocs...')
#3 C:\xampp\htdocs\shop\index.php(17): require('C:\\xampp\\htdocs...')
#4 {main}
  thrown in C:\xampp\htdocs\shop\wp-content\themes\shoptheme\functions.php on line 162

2021-01-15T03:10:17+00:00 CRITICAL Uncaught Error: Call to a member function set() on int in C:\xampp\htdocs\shop\wp-content\themes\shoptheme\functions.php:162
Stack trace:
#0 C:\xampp\htdocs\shop\wp-content\themes\shoptheme\index.php(182): all_products_query(5)
#1 C:\xampp\htdocs\shop\wp-includes\template-loader.php(106): include('C:\\xampp\\htdocs...')
#2 C:\xampp\htdocs\shop\wp-blog-header.php(19): require_once('C:\\xampp\\htdocs...')
#3 C:\xampp\htdocs\shop\index.php(17): require('C:\\xampp\\htdocs...')
#4 {main}
  thrown in C:\xampp\htdocs\shop\wp-content\themes\shoptheme\functions.php on line 162

2021-01-15T03:11:37+00:00 CRITICAL Uncaught Error: Call to a member function set() on int in C:\xampp\htdocs\shop\wp-content\themes\shoptheme\functions.php:162
Stack trace:
#0 C:\xampp\htdocs\shop\wp-content\themes\shoptheme\index.php(182): all_products_query(5)
#1 C:\xampp\htdocs\shop\wp-includes\template-loader.php(106): include('C:\\xampp\\htdocs...')
#2 C:\xampp\htdocs\shop\wp-blog-header.php(19): require_once('C:\\xampp\\htdocs...')
#3 C:\xampp\htdocs\shop\index.php(17): require('C:\\xampp\\htdocs...')
#4 {main}
  thrown in C:\xampp\htdocs\shop\wp-content\themes\shoptheme\functions.php on line 162

2021-01-15T03:11:49+00:00 CRITICAL Uncaught Error: Call to a member function set() on int in C:\xampp\htdocs\shop\wp-content\themes\shoptheme\functions.php:162
Stack trace:
#0 C:\xampp\htdocs\shop\wp-content\themes\shoptheme\index.php(182): all_products_query(5)
#1 C:\xampp\htdocs\shop\wp-includes\template-loader.php(106): include('C:\\xampp\\htdocs...')
#2 C:\xampp\htdocs\shop\wp-blog-header.php(19): require_once('C:\\xampp\\htdocs...')
#3 C:\xampp\htdocs\shop\index.php(17): require('C:\\xampp\\htdocs...')
#4 {main}
  thrown in C:\xampp\htdocs\shop\wp-content\themes\shoptheme\functions.php on line 162

2021-01-15T03:15:06+00:00 CRITICAL Uncaught Error: Call to a member function set() on int in C:\xampp\htdocs\shop\wp-content\themes\shoptheme\functions.php:162
Stack trace:
#0 C:\xampp\htdocs\shop\wp-content\themes\shoptheme\index.php(182): all_products_query(5)
#1 C:\xampp\htdocs\shop\wp-includes\template-loader.php(106): include('C:\\xampp\\htdocs...')
#2 C:\xampp\htdocs\shop\wp-blog-header.php(19): require_once('C:\\xampp\\htdocs...')
#3 C:\xampp\htdocs\shop\index.php(17): require('C:\\xampp\\htdocs...')
#4 {main}
  thrown in C:\xampp\htdocs\shop\wp-content\themes\shoptheme\functions.php on line 162

2021-01-15T03:16:14+00:00 CRITICAL Uncaught Error: Call to a member function set() on int in C:\xampp\htdocs\shop\wp-content\themes\shoptheme\functions.php:162
Stack trace:
#0 C:\xampp\htdocs\shop\wp-content\themes\shoptheme\index.php(182): all_products_query(5)
#1 C:\xampp\htdocs\shop\wp-includes\template-loader.php(106): include('C:\\xampp\\htdocs...')
#2 C:\xampp\htdocs\shop\wp-blog-header.php(19): require_once('C:\\xampp\\htdocs...')
#3 C:\xampp\htdocs\shop\index.php(17): require('C:\\xampp\\htdocs...')
#4 {main}
  thrown in C:\xampp\htdocs\shop\wp-content\themes\shoptheme\functions.php on line 162

2021-01-15T03:16:27+00:00 CRITICAL Uncaught Error: Call to a member function set() on int in C:\xampp\htdocs\shop\wp-content\themes\shoptheme\functions.php:162
Stack trace:
#0 C:\xampp\htdocs\shop\wp-content\themes\shoptheme\index.php(182): all_products_query(5)
#1 C:\xampp\htdocs\shop\wp-includes\template-loader.php(106): include('C:\\xampp\\htdocs...')
#2 C:\xampp\htdocs\shop\wp-blog-header.php(19): require_once('C:\\xampp\\htdocs...')
#3 C:\xampp\htdocs\shop\index.php(17): require('C:\\xampp\\htdocs...')
#4 {main}
  thrown in C:\xampp\htdocs\shop\wp-content\themes\shoptheme\functions.php on line 162

2021-01-15T03:17:06+00:00 CRITICAL Uncaught Error: Call to a member function set() on int in C:\xampp\htdocs\shop\wp-content\themes\shoptheme\functions.php:162
Stack trace:
#0 C:\xampp\htdocs\shop\wp-content\themes\shoptheme\index.php(182): all_products_query(5)
#1 C:\xampp\htdocs\shop\wp-includes\template-loader.php(106): include('C:\\xampp\\htdocs...')
#2 C:\xampp\htdocs\shop\wp-blog-header.php(19): require_once('C:\\xampp\\htdocs...')
#3 C:\xampp\htdocs\shop\index.php(17): require('C:\\xampp\\htdocs...')
#4 {main}
  thrown in C:\xampp\htdocs\shop\wp-content\themes\shoptheme\functions.php on line 162

2021-01-15T03:17:15+00:00 CRITICAL Uncaught Error: Call to a member function set() on int in C:\xampp\htdocs\shop\wp-content\themes\shoptheme\functions.php:162
Stack trace:
#0 C:\xampp\htdocs\shop\wp-content\themes\shoptheme\index.php(182): all_products_query(5)
#1 C:\xampp\htdocs\shop\wp-includes\template-loader.php(106): include('C:\\xampp\\htdocs...')
#2 C:\xampp\htdocs\shop\wp-blog-header.php(19): require_once('C:\\xampp\\htdocs...')
#3 C:\xampp\htdocs\shop\index.php(17): require('C:\\xampp\\htdocs...')
#4 {main}
  thrown in C:\xampp\htdocs\shop\wp-content\themes\shoptheme\functions.php on line 162

2021-01-15T03:17:26+00:00 CRITICAL Uncaught Error: Call to a member function set() on int in C:\xampp\htdocs\shop\wp-content\themes\shoptheme\functions.php:162
Stack trace:
#0 C:\xampp\htdocs\shop\wp-content\themes\shoptheme\index.php(182): all_products_query(5)
#1 C:\xampp\htdocs\shop\wp-includes\template-loader.php(106): include('C:\\xampp\\htdocs...')
#2 C:\xampp\htdocs\shop\wp-blog-header.php(19): require_once('C:\\xampp\\htdocs...')
#3 C:\xampp\htdocs\shop\index.php(17): require('C:\\xampp\\htdocs...')
#4 {main}
  thrown in C:\xampp\htdocs\shop\wp-content\themes\shoptheme\functions.php on line 162

2021-01-15T03:17:42+00:00 CRITICAL Uncaught Error: Call to a member function set() on int in C:\xampp\htdocs\shop\wp-content\themes\shoptheme\functions.php:162
Stack trace:
#0 C:\xampp\htdocs\shop\wp-content\themes\shoptheme\index.php(182): all_products_query(5)
#1 C:\xampp\htdocs\shop\wp-includes\template-loader.php(106): include('C:\\xampp\\htdocs...')
#2 C:\xampp\htdocs\shop\wp-blog-header.php(19): require_once('C:\\xampp\\htdocs...')
#3 C:\xampp\htdocs\shop\index.php(17): require('C:\\xampp\\htdocs...')
#4 {main}
  thrown in C:\xampp\htdocs\shop\wp-content\themes\shoptheme\functions.php on line 162

2021-01-15T03:19:50+00:00 CRITICAL Uncaught Error: Call to a member function set() on int in C:\xampp\htdocs\shop\wp-content\themes\shoptheme\functions.php:162
Stack trace:
#0 C:\xampp\htdocs\shop\wp-content\themes\shoptheme\index.php(182): all_products_query(5)
#1 C:\xampp\htdocs\shop\wp-includes\template-loader.php(106): include('C:\\xampp\\htdocs...')
#2 C:\xampp\htdocs\shop\wp-blog-header.php(19): require_once('C:\\xampp\\htdocs...')
#3 C:\xampp\htdocs\shop\index.php(17): require('C:\\xampp\\htdocs...')
#4 {main}
  thrown in C:\xampp\htdocs\shop\wp-content\themes\shoptheme\functions.php on line 162

2021-01-15T03:20:00+00:00 CRITICAL Uncaught Error: Call to a member function set() on int in C:\xampp\htdocs\shop\wp-content\themes\shoptheme\functions.php:162
Stack trace:
#0 C:\xampp\htdocs\shop\wp-content\themes\shoptheme\index.php(182): all_products_query(5)
#1 C:\xampp\htdocs\shop\wp-includes\template-loader.php(106): include('C:\\xampp\\htdocs...')
#2 C:\xampp\htdocs\shop\wp-blog-header.php(19): require_once('C:\\xampp\\htdocs...')
#3 C:\xampp\htdocs\shop\index.php(17): require('C:\\xampp\\htdocs...')
#4 {main}
  thrown in C:\xampp\htdocs\shop\wp-content\themes\shoptheme\functions.php on line 162

2021-01-15T03:20:08+00:00 CRITICAL Uncaught Error: Call to a member function set() on int in C:\xampp\htdocs\shop\wp-content\themes\shoptheme\functions.php:162
Stack trace:
#0 C:\xampp\htdocs\shop\wp-content\themes\shoptheme\index.php(182): all_products_query(5)
#1 C:\xampp\htdocs\shop\wp-includes\template-loader.php(106): include('C:\\xampp\\htdocs...')
#2 C:\xampp\htdocs\shop\wp-blog-header.php(19): require_once('C:\\xampp\\htdocs...')
#3 C:\xampp\htdocs\shop\index.php(17): require('C:\\xampp\\htdocs...')
#4 {main}
  thrown in C:\xampp\htdocs\shop\wp-content\themes\shoptheme\functions.php on line 162

2021-01-15T03:20:18+00:00 CRITICAL Uncaught Error: Call to a member function set() on int in C:\xampp\htdocs\shop\wp-content\themes\shoptheme\functions.php:162
Stack trace:
#0 C:\xampp\htdocs\shop\wp-content\themes\shoptheme\index.php(182): all_products_query(5)
#1 C:\xampp\htdocs\shop\wp-includes\template-loader.php(106): include('C:\\xampp\\htdocs...')
#2 C:\xampp\htdocs\shop\wp-blog-header.php(19): require_once('C:\\xampp\\htdocs...')
#3 C:\xampp\htdocs\shop\index.php(17): require('C:\\xampp\\htdocs...')
#4 {main}
  thrown in C:\xampp\htdocs\shop\wp-content\themes\shoptheme\functions.php on line 162

2021-01-15T03:20:45+00:00 CRITICAL Uncaught Error: Call to a member function set() on int in C:\xampp\htdocs\shop\wp-content\themes\shoptheme\functions.php:162
Stack trace:
#0 C:\xampp\htdocs\shop\wp-content\themes\shoptheme\index.php(182): all_products_query(5)
#1 C:\xampp\htdocs\shop\wp-includes\template-loader.php(106): include('C:\\xampp\\htdocs...')
#2 C:\xampp\htdocs\shop\wp-blog-header.php(19): require_once('C:\\xampp\\htdocs...')
#3 C:\xampp\htdocs\shop\index.php(17): require('C:\\xampp\\htdocs...')
#4 {main}
  thrown in C:\xampp\htdocs\shop\wp-content\themes\shoptheme\functions.php on line 162

2021-01-15T03:23:39+00:00 CRITICAL Uncaught Error: Call to a member function set() on int in C:\xampp\htdocs\shop\wp-content\themes\shoptheme\functions.php:162
Stack trace:
#0 C:\xampp\htdocs\shop\wp-content\themes\shoptheme\index.php(182): all_products_query(5)
#1 C:\xampp\htdocs\shop\wp-includes\template-loader.php(106): include('C:\\xampp\\htdocs...')
#2 C:\xampp\htdocs\shop\wp-blog-header.php(19): require_once('C:\\xampp\\htdocs...')
#3 C:\xampp\htdocs\shop\index.php(17): require('C:\\xampp\\htdocs...')
#4 {main}
  thrown in C:\xampp\htdocs\shop\wp-content\themes\shoptheme\functions.php on line 162

2021-01-15T03:23:54+00:00 CRITICAL Uncaught Error: Call to a member function set() on int in C:\xampp\htdocs\shop\wp-content\themes\shoptheme\functions.php:162
Stack trace:
#0 C:\xampp\htdocs\shop\wp-content\themes\shoptheme\index.php(182): all_products_query(5)
#1 C:\xampp\htdocs\shop\wp-includes\template-loader.php(106): include('C:\\xampp\\htdocs...')
#2 C:\xampp\htdocs\shop\wp-blog-header.php(19): require_once('C:\\xampp\\htdocs...')
#3 C:\xampp\htdocs\shop\index.php(17): require('C:\\xampp\\htdocs...')
#4 {main}
  thrown in C:\xampp\htdocs\shop\wp-content\themes\shoptheme\functions.php on line 162

2021-01-15T03:24:29+00:00 CRITICAL Uncaught Error: Call to a member function set() on int in C:\xampp\htdocs\shop\wp-content\themes\shoptheme\functions.php:162
Stack trace:
#0 C:\xampp\htdocs\shop\wp-content\themes\shoptheme\index.php(182): all_products_query(5)
#1 C:\xampp\htdocs\shop\wp-includes\template-loader.php(106): include('C:\\xampp\\htdocs...')
#2 C:\xampp\htdocs\shop\wp-blog-header.php(19): require_once('C:\\xampp\\htdocs...')
#3 C:\xampp\htdocs\shop\index.php(17): require('C:\\xampp\\htdocs...')
#4 {main}
  thrown in C:\xampp\htdocs\shop\wp-content\themes\shoptheme\functions.php on line 162

2021-01-15T03:25:44+00:00 CRITICAL Uncaught Error: Call to a member function set() on int in C:\xampp\htdocs\shop\wp-content\themes\shoptheme\functions.php:162
Stack trace:
#0 C:\xampp\htdocs\shop\wp-content\themes\shoptheme\index.php(182): all_products_query(5)
#1 C:\xampp\htdocs\shop\wp-includes\template-loader.php(106): include('C:\\xampp\\htdocs...')
#2 C:\xampp\htdocs\shop\wp-blog-header.php(19): require_once('C:\\xampp\\htdocs...')
#3 C:\xampp\htdocs\shop\index.php(17): require('C:\\xampp\\htdocs...')
#4 {main}
  thrown in C:\xampp\htdocs\shop\wp-content\themes\shoptheme\functions.php on line 162

2021-01-15T03:26:00+00:00 CRITICAL Uncaught Error: Call to a member function set() on int in C:\xampp\htdocs\shop\wp-content\themes\shoptheme\functions.php:162
Stack trace:
#0 C:\xampp\htdocs\shop\wp-content\themes\shoptheme\index.php(182): all_products_query(5)
#1 C:\xampp\htdocs\shop\wp-includes\template-loader.php(106): include('C:\\xampp\\htdocs...')
#2 C:\xampp\htdocs\shop\wp-blog-header.php(19): require_once('C:\\xampp\\htdocs...')
#3 C:\xampp\htdocs\shop\index.php(17): require('C:\\xampp\\htdocs...')
#4 {main}
  thrown in C:\xampp\htdocs\shop\wp-content\themes\shoptheme\functions.php on line 162

2021-01-15T03:31:24+00:00 CRITICAL Uncaught Error: Call to a member function set() on int in C:\xampp\htdocs\shop\wp-content\themes\shoptheme\functions.php:162
Stack trace:
#0 C:\xampp\htdocs\shop\wp-content\themes\shoptheme\index.php(182): all_products_query(5)
#1 C:\xampp\htdocs\shop\wp-includes\template-loader.php(106): include('C:\\xampp\\htdocs...')
#2 C:\xampp\htdocs\shop\wp-blog-header.php(19): require_once('C:\\xampp\\htdocs...')
#3 C:\xampp\htdocs\shop\index.php(17): require('C:\\xampp\\htdocs...')
#4 {main}
  thrown in C:\xampp\htdocs\shop\wp-content\themes\shoptheme\functions.php on line 162

2021-01-15T03:31:34+00:00 CRITICAL Uncaught Error: Call to a member function set() on int in C:\xampp\htdocs\shop\wp-content\themes\shoptheme\functions.php:162
Stack trace:
#0 C:\xampp\htdocs\shop\wp-content\themes\shoptheme\index.php(182): all_products_query(5)
#1 C:\xampp\htdocs\shop\wp-includes\template-loader.php(106): include('C:\\xampp\\htdocs...')
#2 C:\xampp\htdocs\shop\wp-blog-header.php(19): require_once('C:\\xampp\\htdocs...')
#3 C:\xampp\htdocs\shop\index.php(17): require('C:\\xampp\\htdocs...')
#4 {main}
  thrown in C:\xampp\htdocs\shop\wp-content\themes\shoptheme\functions.php on line 162

2021-01-15T03:31:43+00:00 CRITICAL Uncaught Error: Call to a member function set() on int in C:\xampp\htdocs\shop\wp-content\themes\shoptheme\functions.php:162
Stack trace:
#0 C:\xampp\htdocs\shop\wp-content\themes\shoptheme\index.php(182): all_products_query(5)
#1 C:\xampp\htdocs\shop\wp-includes\template-loader.php(106): include('C:\\xampp\\htdocs...')
#2 C:\xampp\htdocs\shop\wp-blog-header.php(19): require_once('C:\\xampp\\htdocs...')
#3 C:\xampp\htdocs\shop\index.php(17): require('C:\\xampp\\htdocs...')
#4 {main}
  thrown in C:\xampp\htdocs\shop\wp-content\themes\shoptheme\functions.php on line 162

2021-01-15T03:33:40+00:00 CRITICAL Uncaught Error: Call to a member function set() on int in C:\xampp\htdocs\shop\wp-content\themes\shoptheme\functions.php:162
Stack trace:
#0 C:\xampp\htdocs\shop\wp-content\themes\shoptheme\index.php(182): all_products_query(5)
#1 C:\xampp\htdocs\shop\wp-includes\template-loader.php(106): include('C:\\xampp\\htdocs...')
#2 C:\xampp\htdocs\shop\wp-blog-header.php(19): require_once('C:\\xampp\\htdocs...')
#3 C:\xampp\htdocs\shop\index.php(17): require('C:\\xampp\\htdocs...')
#4 {main}
  thrown in C:\xampp\htdocs\shop\wp-content\themes\shoptheme\functions.php on line 162

2021-01-15T03:35:27+00:00 CRITICAL Uncaught Error: Call to a member function set() on int in C:\xampp\htdocs\shop\wp-content\themes\shoptheme\functions.php:162
Stack trace:
#0 C:\xampp\htdocs\shop\wp-content\themes\shoptheme\index.php(182): all_products_query(5)
#1 C:\xampp\htdocs\shop\wp-includes\template-loader.php(106): include('C:\\xampp\\htdocs...')
#2 C:\xampp\htdocs\shop\wp-blog-header.php(19): require_once('C:\\xampp\\htdocs...')
#3 C:\xampp\htdocs\shop\index.php(17): require('C:\\xampp\\htdocs...')
#4 {main}
  thrown in C:\xampp\htdocs\shop\wp-content\themes\shoptheme\functions.php on line 162

2021-01-15T12:30:09+00:00 CRITICAL Uncaught Error: Call to a member function set() on int in C:\xampp\htdocs\shop\wp-content\themes\shoptheme\functions.php:162
Stack trace:
#0 C:\xampp\htdocs\shop\wp-content\themes\shoptheme\index.php(182): all_products_query(5)
#1 C:\xampp\htdocs\shop\wp-includes\template-loader.php(106): include('C:\\xampp\\htdocs...')
#2 C:\xampp\htdocs\shop\wp-blog-header.php(19): require_once('C:\\xampp\\htdocs...')
#3 C:\xampp\htdocs\shop\index.php(17): require('C:\\xampp\\htdocs...')
#4 {main}
  thrown in C:\xampp\htdocs\shop\wp-content\themes\shoptheme\functions.php on line 162

2021-01-15T12:30:09+00:00 CRITICAL Uncaught Error: Call to a member function set() on int in C:\xampp\htdocs\shop\wp-content\themes\shoptheme\functions.php:162
Stack trace:
#0 C:\xampp\htdocs\shop\wp-content\themes\shoptheme\index.php(182): all_products_query(5)
#1 C:\xampp\htdocs\shop\wp-includes\template-loader.php(106): include('C:\\xampp\\htdocs...')
#2 C:\xampp\htdocs\shop\wp-blog-header.php(19): require_once('C:\\xampp\\htdocs...')
#3 C:\xampp\htdocs\shop\index.php(17): require('C:\\xampp\\htdocs...')
#4 {main}
  thrown in C:\xampp\htdocs\shop\wp-content\themes\shoptheme\functions.php on line 162

2021-01-15T12:30:51+00:00 CRITICAL Uncaught Error: Call to a member function set() on int in C:\xampp\htdocs\shop\wp-content\themes\shoptheme\functions.php:162
Stack trace:
#0 C:\xampp\htdocs\shop\wp-content\themes\shoptheme\index.php(182): all_products_query(5)
#1 C:\xampp\htdocs\shop\wp-includes\template-loader.php(106): include('C:\\xampp\\htdocs...')
#2 C:\xampp\htdocs\shop\wp-blog-header.php(19): require_once('C:\\xampp\\htdocs...')
#3 C:\xampp\htdocs\shop\index.php(17): require('C:\\xampp\\htdocs...')
#4 {main}
  thrown in C:\xampp\htdocs\shop\wp-content\themes\shoptheme\functions.php on line 162

2021-01-15T15:38:47+00:00 CRITICAL Uncaught Error: Call to a member function set() on int in C:\xampp\htdocs\shop\wp-content\themes\shoptheme\functions.php:162
Stack trace:
#0 C:\xampp\htdocs\shop\wp-content\themes\shoptheme\index.php(182): all_products_query(5)
#1 C:\xampp\htdocs\shop\wp-includes\template-loader.php(106): include('C:\\xampp\\htdocs...')
#2 C:\xampp\htdocs\shop\wp-blog-header.php(19): require_once('C:\\xampp\\htdocs...')
#3 C:\xampp\htdocs\shop\index.php(17): require('C:\\xampp\\htdocs...')
#4 {main}
  thrown in C:\xampp\htdocs\shop\wp-content\themes\shoptheme\functions.php on line 162

2021-01-15T16:32:11+00:00 CRITICAL Uncaught Error: Call to a member function set() on int in C:\xampp\htdocs\shop\wp-content\themes\shoptheme\functions.php:162
Stack trace:
#0 C:\xampp\htdocs\shop\wp-content\themes\shoptheme\index.php(182): all_products_query(5)
#1 C:\xampp\htdocs\shop\wp-includes\template-loader.php(106): include('C:\\xampp\\htdocs...')
#2 C:\xampp\htdocs\shop\wp-blog-header.php(19): require_once('C:\\xampp\\htdocs...')
#3 C:\xampp\htdocs\shop\index.php(17): require('C:\\xampp\\htdocs...')
#4 {main}
  thrown in C:\xampp\htdocs\shop\wp-content\themes\shoptheme\functions.php on line 162

2021-01-15T17:05:39+00:00 CRITICAL Uncaught Error: Call to a member function set() on int in C:\xampp\htdocs\shop\wp-content\themes\shoptheme\functions.php:162
Stack trace:
#0 C:\xampp\htdocs\shop\wp-content\themes\shoptheme\index.php(182): all_products_query(5)
#1 C:\xampp\htdocs\shop\wp-includes\template-loader.php(106): include('C:\\xampp\\htdocs...')
#2 C:\xampp\htdocs\shop\wp-blog-header.php(19): require_once('C:\\xampp\\htdocs...')
#3 C:\xampp\htdocs\shop\index.php(17): require('C:\\xampp\\htdocs...')
#4 {main}
  thrown in C:\xampp\htdocs\shop\wp-content\themes\shoptheme\functions.php on line 162

2021-01-15T17:05:47+00:00 CRITICAL Uncaught Error: Call to a member function set() on int in C:\xampp\htdocs\shop\wp-content\themes\shoptheme\functions.php:162
Stack trace:
#0 C:\xampp\htdocs\shop\wp-content\themes\shoptheme\index.php(182): all_products_query(5)
#1 C:\xampp\htdocs\shop\wp-includes\template-loader.php(106): include('C:\\xampp\\htdocs...')
#2 C:\xampp\htdocs\shop\wp-blog-header.php(19): require_once('C:\\xampp\\htdocs...')
#3 C:\xampp\htdocs\shop\index.php(17): require('C:\\xampp\\htdocs...')
#4 {main}
  thrown in C:\xampp\htdocs\shop\wp-content\themes\shoptheme\functions.php on line 162

2021-01-15T17:06:00+00:00 CRITICAL Uncaught Error: Call to a member function set() on int in C:\xampp\htdocs\shop\wp-content\themes\shoptheme\functions.php:162
Stack trace:
#0 C:\xampp\htdocs\shop\wp-content\themes\shoptheme\index.php(182): all_products_query(5)
#1 C:\xampp\htdocs\shop\wp-includes\template-loader.php(106): include('C:\\xampp\\htdocs...')
#2 C:\xampp\htdocs\shop\wp-blog-header.php(19): require_once('C:\\xampp\\htdocs...')
#3 C:\xampp\htdocs\shop\index.php(17): require('C:\\xampp\\htdocs...')
#4 {main}
  thrown in C:\xampp\htdocs\shop\wp-content\themes\shoptheme\functions.php on line 162

2021-01-15T17:06:22+00:00 CRITICAL Uncaught Error: Call to a member function set() on int in C:\xampp\htdocs\shop\wp-content\themes\shoptheme\functions.php:162
Stack trace:
#0 C:\xampp\htdocs\shop\wp-content\themes\shoptheme\index.php(182): all_products_query(5)
#1 C:\xampp\htdocs\shop\wp-includes\template-loader.php(106): include('C:\\xampp\\htdocs...')
#2 C:\xampp\htdocs\shop\wp-blog-header.php(19): require_once('C:\\xampp\\htdocs...')
#3 C:\xampp\htdocs\shop\index.php(17): require('C:\\xampp\\htdocs...')
#4 {main}
  thrown in C:\xampp\htdocs\shop\wp-content\themes\shoptheme\functions.php on line 162

